{"/Users/clementbuchanan/Documents/codefellows/401/data/data-structures-and-algorithms/data-structures/linkedList/lib/node.js": {"path":"/Users/clementbuchanan/Documents/codefellows/401/data/data-structures-and-algorithms/data-structures/linkedList/lib/node.js","statementMap":{"0":{"start":{"line":5,"column":4},"end":{"line":5,"column":23}},"1":{"start":{"line":6,"column":4},"end":{"line":6,"column":21}},"2":{"start":{"line":10,"column":0},"end":{"line":10,"column":22}}},"fnMap":{"0":{"name":"(anonymous_0)","decl":{"start":{"line":4,"column":2},"end":{"line":4,"column":3}},"loc":{"start":{"line":4,"column":22},"end":{"line":7,"column":3}},"line":4}},"branchMap":{},"s":{"0":1,"1":1,"2":1},"f":{"0":1},"b":{},"_coverageSchema":"1a1c01bbd47fc00a2c39e90264f33305004495a9","hash":"93a7b57bb09ad9718463c300da5159dfde6836fe"}
}
