TN:
SF:javascript/code-challenges/arrayBinarySearch/array-binary-search.js
FN:7,binarySearch
FNF:1
FNH:1
FNDA:2,binarySearch
DA:4,1
DA:5,1
DA:8,2
DA:9,2
DA:10,2
DA:12,2
DA:13,4
DA:14,4
DA:16,2
DA:17,2
DA:19,0
DA:22,2
DA:25,0
DA:27,1
DA:28,1
DA:30,1
LF:16
LH:14
BRDA:14,0,0,2
BRDA:14,0,1,2
BRDA:17,1,0,0
BRDA:17,1,1,2
BRF:4
BRH:3
end_of_record
TN:
SF:javascript/code-challenges/arrayReverse/array-reverse.js
FN:3,(anonymous_0)
FNF:1
FNH:1
FNDA:1,(anonymous_0)
DA:3,1
DA:4,1
DA:5,1
DA:6,1
DA:7,3
DA:8,3
DA:9,3
DA:10,3
DA:11,3
DA:16,1
LF:10
LH:10
BRF:0
BRH:0
end_of_record
TN:
SF:javascript/code-challenges/arrayShift/array-shift.js
FN:3,insertShiftArray
FNF:1
FNH:1
FNDA:6,insertShiftArray
DA:4,6
DA:5,6
DA:6,6
DA:7,6
DA:8,6
DA:9,4
DA:10,4
DA:11,4
DA:13,6
DA:14,6
DA:16,1
DA:17,1
DA:19,1
LF:13
LH:13
BRF:0
BRH:0
end_of_record
TN:
SF:javascript/linked-list/index.js
FNF:0
FNH:0
DA:7,1
LF:1
LH:1
BRF:0
BRH:0
end_of_record
